/*C53*/SET SCHEMA PUBLIC
CONNECT USER SA
SET AUTOCOMMIT FALSE
 DROP TABLE IF EXISTS router
 DROP TABLE IF EXISTS node
 DROP TABLE IF EXISTS message
 DROP TABLE IF EXISTS receiver
 DROP TABLE IF EXISTS receiver_message
 DROP TABLE IF EXISTS sender
 DROP TABLE IF EXISTS sender_message
DISCONNECT
/*C54*/SET SCHEMA PUBLIC
CONNECT USER SA
SET AUTOCOMMIT FALSE
 DROP TABLE IF EXISTS router
 DROP TABLE IF EXISTS node
 DROP TABLE IF EXISTS message
 DROP TABLE IF EXISTS receiver
 DROP TABLE IF EXISTS receiver_message
 DROP TABLE IF EXISTS sender
 DROP TABLE IF EXISTS sender_message
DISCONNECT
/*C55*/SET SCHEMA PUBLIC
CONNECT USER SA
SET AUTOCOMMIT FALSE
  DROP TABLE IF EXISTS router
 DROP TABLE IF EXISTS node
 DROP TABLE IF EXISTS message
 DROP TABLE IF EXISTS receiver
 DROP TABLE IF EXISTS receiver_message
 DROP TABLE IF EXISTS sender
 DROP TABLE IF EXISTS sender_message
DISCONNECT
/*C56*/SET SCHEMA PUBLIC
CONNECT USER SA
SET AUTOCOMMIT FALSE
  DROP TABLE IF EXISTS router
 DROP TABLE IF EXISTS node
 DROP TABLE IF EXISTS message
 DROP TABLE IF EXISTS receiver
 DROP TABLE IF EXISTS receiver_message
 DROP TABLE IF EXISTS sender
 DROP TABLE IF EXISTS sender_message
DISCONNECT
/*C57*/SET SCHEMA PUBLIC
CONNECT USER SA
SET AUTOCOMMIT FALSE
  DROP TABLE IF EXISTS router
 DROP TABLE IF EXISTS node
 DROP TABLE IF EXISTS message
 DROP TABLE IF EXISTS receiver
 DROP TABLE IF EXISTS receiver_message
 DROP TABLE IF EXISTS sender
 DROP TABLE IF EXISTS sender_message
  create table MESSAGE ( MESSAGE_ID varchar(255) not null, CREATIONTIMESTAMP timestamp, MESSAGE varchar(255) not null, SENDER_FK varchar(255), NODE_FK varchar(255), primary key (MESSAGE_ID) )
DISCONNECT
/*C58*/SET SCHEMA PUBLIC
CONNECT USER SA
SET AUTOCOMMIT FALSE
  DROP TABLE IF EXISTS router
 DROP TABLE IF EXISTS node
 DROP TABLE IF EXISTS message
 DROP TABLE IF EXISTS receiver
 DROP TABLE IF EXISTS receiver_message
 DROP TABLE IF EXISTS sender
 DROP TABLE IF EXISTS sender_message
  create table ROUTER ( ID varchar(255) not null, STARTEDON timestamp, UPTIME bigint, NAME varchar(255), primary key (ID) )
DISCONNECT
/*C59*/SET SCHEMA PUBLIC
CONNECT USER SA
SET AUTOCOMMIT FALSE
  DROP TABLE IF EXISTS router
 DROP TABLE IF EXISTS node
 DROP TABLE IF EXISTS message
 DROP TABLE IF EXISTS receiver
 DROP TABLE IF EXISTS receiver_message
 DROP TABLE IF EXISTS sender
 DROP TABLE IF EXISTS sender_message
DISCONNECT
/*C60*/SET SCHEMA PUBLIC
CONNECT USER SA
SET AUTOCOMMIT FALSE
  DROP TABLE IF EXISTS router
 DROP TABLE IF EXISTS node
 DROP TABLE IF EXISTS message
 DROP TABLE IF EXISTS receiver
 DROP TABLE IF EXISTS receiver_message
 DROP TABLE IF EXISTS sender
 DROP TABLE IF EXISTS sender_message
DISCONNECT
/*C61*/SET SCHEMA PUBLIC
CONNECT USER SA
SET AUTOCOMMIT FALSE
  DROP TABLE IF EXISTS router
 DROP TABLE IF EXISTS node
 DROP TABLE IF EXISTS message
 DROP TABLE IF EXISTS receiver
 DROP TABLE IF EXISTS receiver_message
 DROP TABLE IF EXISTS sender
 DROP TABLE IF EXISTS sender_message
DISCONNECT
/*C62*/SET SCHEMA PUBLIC
CONNECT USER SA
SET AUTOCOMMIT FALSE
  DROP TABLE IF EXISTS router
 DROP TABLE IF EXISTS node
 DROP TABLE IF EXISTS message
 DROP TABLE IF EXISTS receiver
 DROP TABLE IF EXISTS receiver_message
 DROP TABLE IF EXISTS sender
 DROP TABLE IF EXISTS sender_message
DISCONNECT
